2015-11-03 17:45:55 Notice: Deprecated (16384): Property $layout is deprecated. Use $this->viewBuilder()->layout() instead in beforeRender(). in [C:\xampp\htdocs\CakePHP\vendor\cakephp\cakephp\src\View\ViewVarsTrait.php, line 98]
Trace:
Cake\Error\BaseErrorHandler::handleError() - CORE\src\Error\BaseErrorHandler.php, line 139
Cake\Controller\Controller::createView() - CORE\src\View\ViewVarsTrait.php, line 98
Cake\Controller\Controller::render() - CORE\src\Controller\Controller.php, line 597
Cake\Routing\Dispatcher::_invoke() - CORE\src\Routing\Dispatcher.php, line 120
Cake\Routing\Dispatcher::dispatch() - CORE\src\Routing\Dispatcher.php, line 87
[main] - ROOT\webroot\index.php, line 37



2015-11-03 17:50:03 Notice: Deprecated (16384): Property $layout is deprecated. Use $this->viewBuilder()->layout() instead in beforeRender(). in [C:\xampp\htdocs\CakePHP\vendor\cakephp\cakephp\src\View\ViewVarsTrait.php, line 98]
Trace:
Cake\Error\BaseErrorHandler::handleError() - CORE\src\Error\BaseErrorHandler.php, line 139
Cake\Controller\Controller::createView() - CORE\src\View\ViewVarsTrait.php, line 98
Cake\Controller\Controller::render() - CORE\src\Controller\Controller.php, line 597
Cake\Routing\Dispatcher::_invoke() - CORE\src\Routing\Dispatcher.php, line 120
Cake\Routing\Dispatcher::dispatch() - CORE\src\Routing\Dispatcher.php, line 87
[main] - ROOT\webroot\index.php, line 37



2015-11-03 17:52:02 Notice: Deprecated (16384): Property $layout is deprecated. Use $this->viewBuilder()->layout() instead in beforeRender(). in [C:\xampp\htdocs\CakePHP\vendor\cakephp\cakephp\src\View\ViewVarsTrait.php, line 98]
Trace:
Cake\Error\BaseErrorHandler::handleError() - CORE\src\Error\BaseErrorHandler.php, line 139
Cake\Controller\Controller::createView() - CORE\src\View\ViewVarsTrait.php, line 98
Cake\Controller\Controller::render() - CORE\src\Controller\Controller.php, line 597
Cake\Routing\Dispatcher::_invoke() - CORE\src\Routing\Dispatcher.php, line 120
Cake\Routing\Dispatcher::dispatch() - CORE\src\Routing\Dispatcher.php, line 87
[main] - ROOT\webroot\index.php, line 37



2015-11-03 17:57:17 Notice: Deprecated (16384): Property $layout is deprecated. Use $this->viewBuilder()->layout() instead in beforeRender(). in [C:\xampp\htdocs\CakePHP\vendor\cakephp\cakephp\src\View\ViewVarsTrait.php, line 98]
Trace:
Cake\Error\BaseErrorHandler::handleError() - CORE\src\Error\BaseErrorHandler.php, line 139
Cake\Controller\Controller::createView() - CORE\src\View\ViewVarsTrait.php, line 98
Cake\Controller\Controller::render() - CORE\src\Controller\Controller.php, line 597
Cake\Routing\Dispatcher::_invoke() - CORE\src\Routing\Dispatcher.php, line 120
Cake\Routing\Dispatcher::dispatch() - CORE\src\Routing\Dispatcher.php, line 87
[main] - ROOT\webroot\index.php, line 37



2015-11-03 17:57:18 Notice: Deprecated (16384): Property $layout is deprecated. Use $this->viewBuilder()->layout() instead in beforeRender(). in [C:\xampp\htdocs\CakePHP\vendor\cakephp\cakephp\src\View\ViewVarsTrait.php, line 98]
Trace:
Cake\Error\BaseErrorHandler::handleError() - CORE\src\Error\BaseErrorHandler.php, line 139
Cake\Controller\Controller::createView() - CORE\src\View\ViewVarsTrait.php, line 98
Cake\Controller\Controller::render() - CORE\src\Controller\Controller.php, line 597
Cake\Routing\Dispatcher::_invoke() - CORE\src\Routing\Dispatcher.php, line 120
Cake\Routing\Dispatcher::dispatch() - CORE\src\Routing\Dispatcher.php, line 87
[main] - ROOT\webroot\index.php, line 37



