2015-11-03 17:45:54 Error: [Cake\Routing\Exception\MissingControllerException] Controller class CakePHP could not be found.
Exception Attributes: array (
  'class' => 'CakePHP',
  'plugin' => NULL,
  'prefix' => NULL,
  '_ext' => NULL,
)
Request URL: /CakePHP/cakePHP/
Stack Trace:
#0 C:\xampp\htdocs\CakePHP\webroot\index.php(37): Cake\Routing\Dispatcher->dispatch(Object(Cake\Network\Request), Object(Cake\Network\Response))
#1 {main}


2015-11-03 18:36:54 Error: [Cake\Routing\Exception\MissingControllerException] Controller class Amin could not be found.
Exception Attributes: array (
  'class' => 'Amin',
  'plugin' => NULL,
  'prefix' => NULL,
  '_ext' => NULL,
)
Request URL: /CakePHP/Amin
Stack Trace:
#0 C:\xampp\htdocs\CakePHP\webroot\index.php(37): Cake\Routing\Dispatcher->dispatch(Object(Cake\Network\Request), Object(Cake\Network\Response))
#1 {main}


2015-11-03 18:37:00 Error: [Cake\Routing\Exception\MissingControllerException] Controller class Admin could not be found.
Exception Attributes: array (
  'class' => 'Admin',
  'plugin' => NULL,
  'prefix' => NULL,
  '_ext' => NULL,
)
Request URL: /CakePHP/Admin
Stack Trace:
#0 C:\xampp\htdocs\CakePHP\webroot\index.php(37): Cake\Routing\Dispatcher->dispatch(Object(Cake\Network\Request), Object(Cake\Network\Response))
#1 {main}


2015-11-03 18:41:49 Error: [Cake\Routing\Exception\MissingControllerException] Controller class Admin could not be found.
Exception Attributes: array (
  'class' => 'Admin',
  'plugin' => NULL,
  'prefix' => NULL,
  '_ext' => NULL,
)
Request URL: /CakePHP/Admin
Stack Trace:
#0 C:\xampp\htdocs\CakePHP\webroot\index.php(37): Cake\Routing\Dispatcher->dispatch(Object(Cake\Network\Request), Object(Cake\Network\Response))
#1 {main}


2015-11-03 18:41:53 Error: [Cake\Routing\Exception\MissingControllerException] Controller class Admin could not be found.
Exception Attributes: array (
  'class' => 'Admin',
  'plugin' => NULL,
  'prefix' => NULL,
  '_ext' => NULL,
)
Request URL: /CakePHP/Admin
Stack Trace:
#0 C:\xampp\htdocs\CakePHP\webroot\index.php(37): Cake\Routing\Dispatcher->dispatch(Object(Cake\Network\Request), Object(Cake\Network\Response))
#1 {main}


2015-11-03 18:41:53 Error: [Cake\Routing\Exception\MissingControllerException] Controller class Admin could not be found.
Exception Attributes: array (
  'class' => 'Admin',
  'plugin' => NULL,
  'prefix' => NULL,
  '_ext' => NULL,
)
Request URL: /CakePHP/Admin
Stack Trace:
#0 C:\xampp\htdocs\CakePHP\webroot\index.php(37): Cake\Routing\Dispatcher->dispatch(Object(Cake\Network\Request), Object(Cake\Network\Response))
#1 {main}


2015-11-03 18:41:54 Error: [Cake\Routing\Exception\MissingControllerException] Controller class Admin could not be found.
Exception Attributes: array (
  'class' => 'Admin',
  'plugin' => NULL,
  'prefix' => NULL,
  '_ext' => NULL,
)
Request URL: /CakePHP/Admin
Stack Trace:
#0 C:\xampp\htdocs\CakePHP\webroot\index.php(37): Cake\Routing\Dispatcher->dispatch(Object(Cake\Network\Request), Object(Cake\Network\Response))
#1 {main}


2015-11-03 18:42:00 Error: [Cake\Routing\Exception\MissingControllerException] Controller class Admin.php could not be found.
Exception Attributes: array (
  'class' => 'Admin.php',
  'plugin' => NULL,
  'prefix' => NULL,
  '_ext' => NULL,
)
Request URL: /CakePHP/Admin.php
Stack Trace:
#0 C:\xampp\htdocs\CakePHP\webroot\index.php(37): Cake\Routing\Dispatcher->dispatch(Object(Cake\Network\Request), Object(Cake\Network\Response))
#1 {main}


2015-11-03 18:45:24 Error: [Cake\Routing\Exception\MissingControllerException] Controller class Admin.php could not be found.
Exception Attributes: array (
  'class' => 'Admin.php',
  'plugin' => NULL,
  'prefix' => NULL,
  '_ext' => NULL,
)
Request URL: /CakePHP/Admin.php
Stack Trace:
#0 C:\xampp\htdocs\CakePHP\webroot\index.php(37): Cake\Routing\Dispatcher->dispatch(Object(Cake\Network\Request), Object(Cake\Network\Response))
#1 {main}


2015-11-03 18:45:26 Error: [Cake\Routing\Exception\MissingControllerException] Controller class Admin.php could not be found.
Exception Attributes: array (
  'class' => 'Admin.php',
  'plugin' => NULL,
  'prefix' => NULL,
  '_ext' => NULL,
)
Request URL: /CakePHP/Admin.php
Stack Trace:
#0 C:\xampp\htdocs\CakePHP\webroot\index.php(37): Cake\Routing\Dispatcher->dispatch(Object(Cake\Network\Request), Object(Cake\Network\Response))
#1 {main}


2015-11-03 18:45:36 Error: [Cake\Routing\Exception\MissingControllerException] Controller class Admin could not be found.
Exception Attributes: array (
  'class' => 'Admin',
  'plugin' => NULL,
  'prefix' => NULL,
  '_ext' => NULL,
)
Request URL: /CakePHP/Admin
Stack Trace:
#0 C:\xampp\htdocs\CakePHP\webroot\index.php(37): Cake\Routing\Dispatcher->dispatch(Object(Cake\Network\Request), Object(Cake\Network\Response))
#1 {main}


2015-11-03 18:46:30 Error: [Cake\Routing\Exception\MissingControllerException] Controller class Admin could not be found.
Exception Attributes: array (
  'class' => 'Admin',
  'plugin' => NULL,
  'prefix' => NULL,
  '_ext' => NULL,
)
Request URL: /CakePHP/Admin
Stack Trace:
#0 C:\xampp\htdocs\CakePHP\webroot\index.php(37): Cake\Routing\Dispatcher->dispatch(Object(Cake\Network\Request), Object(Cake\Network\Response))
#1 {main}


2015-11-03 18:49:13 Error: Fatal Error (1): Call to a member function allow() on boolean in [C:\xampp\htdocs\CakePHP\src\Controller\AdminController.php, line 13]
Trace:
Cake\Error\BaseErrorHandler::handleFatalError() - CORE\src\Error\BaseErrorHandler.php, line 192
Cake\Error\BaseErrorHandler::Cake\Error\{closure}() - CORE\src\Error\BaseErrorHandler.php, line 91
[main] - [internal], line ??



2015-11-03 18:49:14 Error: [Cake\Error\FatalErrorException] Call to a member function allow() on boolean
Request URL: /CakePHP/Admin
Stack Trace:
#0 C:\xampp\htdocs\CakePHP\vendor\cakephp\cakephp\src\Error\BaseErrorHandler.php(91): Cake\Error\BaseErrorHandler->handleFatalError(1, 'Call to a membe...', 'C:\\xampp\\htdocs...', 13)
#1 [internal function]: Cake\Error\BaseErrorHandler->Cake\Error\{closure}()
#2 {main}


2015-11-03 18:49:14 Error: Fatal Error (1): Call to a member function allow() on boolean in [C:\xampp\htdocs\CakePHP\src\Controller\AdminController.php, line 13]
Trace:
Cake\Error\BaseErrorHandler::handleFatalError() - CORE\src\Error\BaseErrorHandler.php, line 192
Cake\Error\BaseErrorHandler::Cake\Error\{closure}() - CORE\src\Error\BaseErrorHandler.php, line 91
[main] - [internal], line ??



2015-11-03 18:49:14 Error: [Cake\Error\FatalErrorException] Call to a member function allow() on boolean
Request URL: /CakePHP/Admin
Stack Trace:
#0 C:\xampp\htdocs\CakePHP\vendor\cakephp\cakephp\src\Error\BaseErrorHandler.php(91): Cake\Error\BaseErrorHandler->handleFatalError(1, 'Call to a membe...', 'C:\\xampp\\htdocs...', 13)
#1 [internal function]: Cake\Error\BaseErrorHandler->Cake\Error\{closure}()
#2 {main}


2015-11-03 18:56:02 Error: [Cake\Routing\Exception\MissingControllerException] Controller class Admin could not be found.
Exception Attributes: array (
  'class' => 'Admin',
  'plugin' => NULL,
  'prefix' => NULL,
  '_ext' => NULL,
)
Request URL: /CakePHP/Admin
Stack Trace:
#0 C:\xampp\htdocs\CakePHP\webroot\index.php(37): Cake\Routing\Dispatcher->dispatch(Object(Cake\Network\Request), Object(Cake\Network\Response))
#1 {main}


2015-11-03 18:56:03 Error: [Cake\Routing\Exception\MissingControllerException] Controller class Admin could not be found.
Exception Attributes: array (
  'class' => 'Admin',
  'plugin' => NULL,
  'prefix' => NULL,
  '_ext' => NULL,
)
Request URL: /CakePHP/Admin
Stack Trace:
#0 C:\xampp\htdocs\CakePHP\webroot\index.php(37): Cake\Routing\Dispatcher->dispatch(Object(Cake\Network\Request), Object(Cake\Network\Response))
#1 {main}


2015-11-03 18:56:09 Error: [Cake\Routing\Exception\MissingControllerException] Controller class Users could not be found.
Exception Attributes: array (
  'class' => 'Users',
  'plugin' => NULL,
  'prefix' => NULL,
  '_ext' => NULL,
)
Request URL: /CakePHP/users
Stack Trace:
#0 C:\xampp\htdocs\CakePHP\webroot\index.php(37): Cake\Routing\Dispatcher->dispatch(Object(Cake\Network\Request), Object(Cake\Network\Response))
#1 {main}


2015-11-03 18:56:14 Error: [Cake\Routing\Exception\MissingControllerException] Controller class Users could not be found.
Exception Attributes: array (
  'class' => 'Users',
  'plugin' => NULL,
  'prefix' => NULL,
  '_ext' => NULL,
)
Request URL: /CakePHP/users
Stack Trace:
#0 C:\xampp\htdocs\CakePHP\webroot\index.php(37): Cake\Routing\Dispatcher->dispatch(Object(Cake\Network\Request), Object(Cake\Network\Response))
#1 {main}


2015-11-03 18:56:49 Error: Fatal Error (1): Call to a member function allow() on boolean in [C:\xampp\htdocs\CakePHP\src\Controller\UsersController.php, line 13]
Trace:
Cake\Error\BaseErrorHandler::handleFatalError() - CORE\src\Error\BaseErrorHandler.php, line 192
Cake\Error\BaseErrorHandler::Cake\Error\{closure}() - CORE\src\Error\BaseErrorHandler.php, line 91
[main] - [internal], line ??



2015-11-03 18:56:49 Error: [Cake\Error\FatalErrorException] Call to a member function allow() on boolean
Request URL: /CakePHP/users
Stack Trace:
#0 C:\xampp\htdocs\CakePHP\vendor\cakephp\cakephp\src\Error\BaseErrorHandler.php(91): Cake\Error\BaseErrorHandler->handleFatalError(1, 'Call to a membe...', 'C:\\xampp\\htdocs...', 13)
#1 [internal function]: Cake\Error\BaseErrorHandler->Cake\Error\{closure}()
#2 {main}


